<?xml version="1.0" encoding="UTF-8"?>
<testng-results ignored="15" total="16" passed="1" failed="0" skipped="0">
  <reporter-output>
  </reporter-output>
  <suite started-at="2022-11-12T10:53:11 IST" name="Default suite" finished-at="2022-11-12T10:53:19 IST" duration-ms="7684">
    <groups>
    </groups>
    <test started-at="2022-11-12T10:53:11 IST" name="Default test" finished-at="2022-11-12T10:53:19 IST" duration-ms="7684">
      <class name="project.ProjectTestCases">
        <test-method signature="Jenkin()[pri:0, instance:project.ProjectTestCases@865dd6]" started-at="2022-11-12T10:53:11 IST" name="Jenkin" finished-at="2022-11-12T10:53:19 IST" duration-ms="7637" status="PASS">
          <reporter-output>
          </reporter-output>
        </test-method> <!-- Jenkin -->
      </class> <!-- project.ProjectTestCases -->
    </test> <!-- Default test -->
  </suite> <!-- Default suite -->
</testng-results>
