<?xml version="1.0" encoding="UTF-8"?>
<!-- Generated by org.testng.reporters.JUnitXMLReporter -->
<testsuite ignored="15" hostname="DESKTOP-R26THKM" failures="0" tests="1" name="Default test" time="7.684" errors="0" timestamp="2022-11-12T10:53:19 IST">
  <testcase classname="project.ProjectTestCases" name="Jenkin" time="7.637"/>
  <testcase classname="project.ProjectTestCases" name="checkupdatefunc" time="0.0">
    <ignored/>
  </testcase> <!-- checkupdatefunc -->
  <testcase classname="project.ProjectTestCases" name="Excelsheetproperties" time="0.0">
    <ignored/>
  </testcase> <!-- Excelsheetproperties -->
  <testcase classname="project.ProjectTestCases" name="ManualTestingISTQB" time="0.0">
    <ignored/>
  </testcase> <!-- ManualTestingISTQB -->
  <testcase classname="project.ProjectTestCases" name="Actionclass" time="0.0">
    <ignored/>
  </testcase> <!-- Actionclass -->
  <testcase classname="project.ProjectTestCases" name="HTMLandCSS" time="0.0">
    <ignored/>
  </testcase> <!-- HTMLandCSS -->
  <testcase classname="project.ProjectTestCases" name="DynamicXpathTest" time="0.0">
    <ignored/>
  </testcase> <!-- DynamicXpathTest -->
  <testcase classname="project.ProjectTestCases" name="cucumbertest" time="0.0">
    <ignored/>
  </testcase> <!-- cucumbertest -->
  <testcase classname="project.ProjectTestCases" name="Junit" time="0.0">
    <ignored/>
  </testcase> <!-- Junit -->
  <testcase classname="project.ProjectTestCases" name="RobotClassAuto" time="0.0">
    <ignored/>
  </testcase> <!-- RobotClassAuto -->
  <testcase classname="project.ProjectTestCases" name="Dashboardcase" time="0.0">
    <ignored/>
  </testcase> <!-- Dashboardcase -->
  <testcase classname="project.ProjectTestCases" name="Testng" time="0.0">
    <ignored/>
  </testcase> <!-- Testng -->
  <testcase classname="project.ProjectTestCases" name="MavenTest" time="0.0">
    <ignored/>
  </testcase> <!-- MavenTest -->
  <testcase classname="project.ProjectTestCases" name="Listeners" time="0.0">
    <ignored/>
  </testcase> <!-- Listeners -->
  <testcase classname="project.ProjectTestCases" name="Javascripttest" time="0.0">
    <ignored/>
  </testcase> <!-- Javascripttest -->
  <testcase classname="project.ProjectTestCases" name="Onlinetest" time="0.0">
    <ignored/>
  </testcase> <!-- Onlinetest -->
</testsuite> <!-- Default test -->
